[2017-04-24 17:21:17][INFO ][restartedMain][org.springframework.boot.StartupInfoLogger.logStarting:48]:Starting BootStarp on USER-NGQ89M13OH with PID 1896 (D:\kaifagongju\myEclipse\space\enroll_sys\target\classes started by Administrator in D:\kaifagongju\myEclipse\space\enroll_sys)
[2017-04-24 17:21:17][INFO ][restartedMain][org.springframework.boot.SpringApplication.logStartupProfileInfo:661]:No active profile set, falling back to default profiles: default
[2017-04-24 17:21:26][INFO ][restartedMain][org.springframework.boot.StartupInfoLogger.logStarted:57]:Started BootStarp in 9.122 seconds (JVM running for 9.79)
[2017-04-24 17:22:15][INFO ][http-nio-8080-exec-1][com.glut.user.controller.UserController.register:37]:doudou尝试注册
[2017-04-24 17:22:15][INFO ][http-nio-8080-exec-1][com.glut.user.controller.UserController.register:39]:doudou注册成功!
[2017-04-24 17:22:57][INFO ][restartedMain][org.springframework.boot.StartupInfoLogger.logStarting:48]:Starting BootStarp on USER-NGQ89M13OH with PID 1896 (D:\kaifagongju\myEclipse\space\enroll_sys\target\classes started by Administrator in D:\kaifagongju\myEclipse\space\enroll_sys)
[2017-04-24 17:22:57][INFO ][restartedMain][org.springframework.boot.SpringApplication.logStartupProfileInfo:661]:No active profile set, falling back to default profiles: default
[2017-04-24 17:22:59][INFO ][restartedMain][org.springframework.boot.StartupInfoLogger.logStarted:57]:Started BootStarp in 2.437 seconds (JVM running for 103.294)
[2017-04-24 17:23:16][INFO ][http-nio-8080-exec-1][com.glut.aop.WebLogAspect.doBefore:43]:WebLogAspect.doBefore()
[2017-04-24 17:23:16][INFO ][http-nio-8080-exec-1][com.glut.aop.WebLogAspect.doBefore:47]:URL : http://127.0.0.1:8080/enroll/users/signin
[2017-04-24 17:23:16][INFO ][http-nio-8080-exec-1][com.glut.aop.WebLogAspect.doBefore:49]:HTTP_METHOD : GET
[2017-04-24 17:23:16][INFO ][http-nio-8080-exec-1][com.glut.aop.WebLogAspect.doBefore:51]:IP : 127.0.0.1
[2017-04-24 17:23:16][INFO ][http-nio-8080-exec-1][com.glut.aop.WebLogAspect.doBefore:53]:CLASS_METHOD : com.glut.user.controller.UserController.register
[2017-04-24 17:23:16][INFO ][http-nio-8080-exec-1][com.glut.aop.WebLogAspect.doBefore:57]:ARGS : [com.glut.domain.User@76d8066a]
[2017-04-24 17:23:16][INFO ][http-nio-8080-exec-1][com.glut.user.controller.UserController.register:37]:doudou尝试注册
[2017-04-24 17:23:16][INFO ][http-nio-8080-exec-1][com.glut.user.controller.UserController.register:39]:doudou注册成功!
[2017-04-24 17:23:16][INFO ][http-nio-8080-exec-1][com.glut.aop.WebLogAspect.doAfterReturning:70]:WebLogAspect.doAfterReturning()
[2017-04-24 17:23:16][INFO ][http-nio-8080-exec-1][com.glut.aop.WebLogAspect.doAfterReturning:71]:耗时（毫秒） : 85
[2017-04-24 17:24:28][INFO ][http-nio-8080-exec-4][com.glut.aop.WebLogAspect.doBefore:43]:WebLogAspect.doBefore()
[2017-04-24 17:24:28][INFO ][http-nio-8080-exec-4][com.glut.aop.WebLogAspect.doBefore:47]:URL : http://127.0.0.1:8080/enroll/users/signin
[2017-04-24 17:24:28][INFO ][http-nio-8080-exec-4][com.glut.aop.WebLogAspect.doBefore:49]:HTTP_METHOD : GET
[2017-04-24 17:24:28][INFO ][http-nio-8080-exec-4][com.glut.aop.WebLogAspect.doBefore:51]:IP : 127.0.0.1
[2017-04-24 17:24:28][INFO ][http-nio-8080-exec-4][com.glut.aop.WebLogAspect.doBefore:53]:CLASS_METHOD : com.glut.user.controller.UserController.register
[2017-04-24 17:24:28][INFO ][http-nio-8080-exec-4][com.glut.aop.WebLogAspect.doBefore:57]:ARGS : [com.glut.domain.User@5395a61c]
[2017-04-24 17:24:28][INFO ][http-nio-8080-exec-4][com.glut.user.controller.UserController.register:37]:wife尝试注册
[2017-04-24 17:24:28][INFO ][http-nio-8080-exec-4][com.glut.user.controller.UserController.register:39]:wife注册成功!
[2017-04-24 17:24:28][INFO ][http-nio-8080-exec-4][com.glut.aop.WebLogAspect.doAfterReturning:70]:WebLogAspect.doAfterReturning()
[2017-04-24 17:24:28][INFO ][http-nio-8080-exec-4][com.glut.aop.WebLogAspect.doAfterReturning:71]:耗时（毫秒） : 261
[2017-04-24 17:24:50][INFO ][http-nio-8080-exec-6][com.glut.aop.WebLogAspect.doBefore:43]:WebLogAspect.doBefore()
[2017-04-24 17:24:50][INFO ][http-nio-8080-exec-6][com.glut.aop.WebLogAspect.doBefore:47]:URL : http://127.0.0.1:8080/enroll/users/signin
[2017-04-24 17:24:50][INFO ][http-nio-8080-exec-6][com.glut.aop.WebLogAspect.doBefore:49]:HTTP_METHOD : GET
[2017-04-24 17:24:50][INFO ][http-nio-8080-exec-6][com.glut.aop.WebLogAspect.doBefore:51]:IP : 127.0.0.1
[2017-04-24 17:24:50][INFO ][http-nio-8080-exec-6][com.glut.aop.WebLogAspect.doBefore:53]:CLASS_METHOD : com.glut.user.controller.UserController.register
[2017-04-24 17:24:50][INFO ][http-nio-8080-exec-6][com.glut.aop.WebLogAspect.doBefore:57]:ARGS : [com.glut.domain.User@2c4a3515]
[2017-04-24 17:24:50][INFO ][http-nio-8080-exec-6][com.glut.user.controller.UserController.register:37]:null尝试注册
[2017-04-24 17:24:50][ERROR][http-nio-8080-exec-6][com.glut.exception.GlobalDefaultExceptionHandler.defaultExceptionHandler:29]:异常信息：
org.springframework.dao.DataIntegrityViolationException: could not execute statement; SQL [n/a]; constraint [null]; nested exception is org.hibernate.exception.ConstraintViolationException: could not execute statement
	at org.springframework.orm.jpa.vendor.HibernateJpaDialect.convertHibernateAccessException(HibernateJpaDialect.java:278)
	at org.springframework.orm.jpa.vendor.HibernateJpaDialect.translateExceptionIfPossible(HibernateJpaDialect.java:244)
	at org.springframework.orm.jpa.JpaTransactionManager.doCommit(JpaTransactionManager.java:521)
	at org.springframework.transaction.support.AbstractPlatformTransactionManager.processCommit(AbstractPlatformTransactionManager.java:761)
	at org.springframework.transaction.support.AbstractPlatformTransactionManager.commit(AbstractPlatformTransactionManager.java:730)
	at org.springframework.transaction.interceptor.TransactionAspectSupport.commitTransactionAfterReturning(TransactionAspectSupport.java:487)
	at org.springframework.transaction.interceptor.TransactionAspectSupport.invokeWithinTransaction(TransactionAspectSupport.java:291)
	at org.springframework.transaction.interceptor.TransactionInterceptor.invoke(TransactionInterceptor.java:96)
	at org.springframework.aop.framework.ReflectiveMethodInvocation.proceed(ReflectiveMethodInvocation.java:179)
	at org.springframework.aop.framework.JdkDynamicAopProxy.invoke(JdkDynamicAopProxy.java:213)
	at com.sun.proxy.$Proxy111.saveOrUpdate(Unknown Source)
	at com.glut.user.controller.UserController.register(UserController.java:38)
	at com.glut.user.controller.UserController$$FastClassBySpringCGLIB$$89f25513.invoke(<generated>)
	at org.springframework.cglib.proxy.MethodProxy.invoke(MethodProxy.java:204)
	at org.springframework.aop.framework.CglibAopProxy$CglibMethodInvocation.invokeJoinpoint(CglibAopProxy.java:720)
	at org.springframework.aop.framework.ReflectiveMethodInvocation.proceed(ReflectiveMethodInvocation.java:157)
	at org.springframework.aop.framework.adapter.MethodBeforeAdviceInterceptor.invoke(MethodBeforeAdviceInterceptor.java:52)
	at org.springframework.aop.framework.ReflectiveMethodInvocation.proceed(ReflectiveMethodInvocation.java:179)
	at org.springframework.aop.framework.adapter.AfterReturningAdviceInterceptor.invoke(AfterReturningAdviceInterceptor.java:52)
	at org.springframework.aop.framework.ReflectiveMethodInvocation.proceed(ReflectiveMethodInvocation.java:179)
	at org.springframework.aop.interceptor.ExposeInvocationInterceptor.invoke(ExposeInvocationInterceptor.java:92)
	at org.springframework.aop.framework.ReflectiveMethodInvocation.proceed(ReflectiveMethodInvocation.java:179)
	at org.springframework.aop.framework.CglibAopProxy$DynamicAdvisedInterceptor.intercept(CglibAopProxy.java:655)
	at com.glut.user.controller.UserController$$EnhancerBySpringCGLIB$$3d301293.register(<generated>)
	at sun.reflect.NativeMethodAccessorImpl.invoke0(Native Method)
	at sun.reflect.NativeMethodAccessorImpl.invoke(NativeMethodAccessorImpl.java:62)
	at sun.reflect.DelegatingMethodAccessorImpl.invoke(DelegatingMethodAccessorImpl.java:43)
	at java.lang.reflect.Method.invoke(Method.java:497)
	at org.springframework.web.method.support.InvocableHandlerMethod.doInvoke(InvocableHandlerMethod.java:221)
	at org.springframework.web.method.support.InvocableHandlerMethod.invokeForRequest(InvocableHandlerMethod.java:136)
	at org.springframework.web.servlet.mvc.method.annotation.ServletInvocableHandlerMethod.invokeAndHandle(ServletInvocableHandlerMethod.java:114)
	at org.springframework.web.servlet.mvc.method.annotation.RequestMappingHandlerAdapter.invokeHandlerMethod(RequestMappingHandlerAdapter.java:827)
	at org.springframework.web.servlet.mvc.method.annotation.RequestMappingHandlerAdapter.handleInternal(RequestMappingHandlerAdapter.java:738)
	at org.springframework.web.servlet.mvc.method.AbstractHandlerMethodAdapter.handle(AbstractHandlerMethodAdapter.java:85)
	at org.springframework.web.servlet.DispatcherServlet.doDispatch(DispatcherServlet.java:963)
	at org.springframework.web.servlet.DispatcherServlet.doService(DispatcherServlet.java:897)
	at org.springframework.web.servlet.FrameworkServlet.processRequest(FrameworkServlet.java:970)
	at org.springframework.web.servlet.FrameworkServlet.doGet(FrameworkServlet.java:861)
	at javax.servlet.http.HttpServlet.service(HttpServlet.java:622)
	at org.springframework.web.servlet.FrameworkServlet.service(FrameworkServlet.java:846)
	at javax.servlet.http.HttpServlet.service(HttpServlet.java:729)
	at org.apache.catalina.core.ApplicationFilterChain.internalDoFilter(ApplicationFilterChain.java:230)
	at org.apache.catalina.core.ApplicationFilterChain.doFilter(ApplicationFilterChain.java:165)
	at org.apache.tomcat.websocket.server.WsFilter.doFilter(WsFilter.java:52)
	at org.apache.catalina.core.ApplicationFilterChain.internalDoFilter(ApplicationFilterChain.java:192)
	at org.apache.catalina.core.ApplicationFilterChain.doFilter(ApplicationFilterChain.java:165)
	at org.springframework.web.filter.CharacterEncodingFilter.doFilterInternal(CharacterEncodingFilter.java:197)
	at org.springframework.web.filter.OncePerRequestFilter.doFilter(OncePerRequestFilter.java:107)
	at org.apache.catalina.core.ApplicationFilterChain.internalDoFilter(ApplicationFilterChain.java:192)
	at org.apache.catalina.core.ApplicationFilterChain.doFilter(ApplicationFilterChain.java:165)
	at org.apache.catalina.core.StandardWrapperValve.invoke(StandardWrapperValve.java:198)
	at org.apache.catalina.core.StandardContextValve.invoke(StandardContextValve.java:108)
	at org.apache.catalina.authenticator.AuthenticatorBase.invoke(AuthenticatorBase.java:472)
	at org.apache.catalina.core.StandardHostValve.invoke(StandardHostValve.java:140)
	at org.apache.catalina.valves.ErrorReportValve.invoke(ErrorReportValve.java:79)
	at org.apache.catalina.core.StandardEngineValve.invoke(StandardEngineValve.java:87)
	at org.apache.catalina.connector.CoyoteAdapter.service(CoyoteAdapter.java:349)
	at org.apache.coyote.http11.Http11Processor.service(Http11Processor.java:784)
	at org.apache.coyote.AbstractProcessorLight.process(AbstractProcessorLight.java:66)
	at org.apache.coyote.AbstractProtocol$ConnectionHandler.process(AbstractProtocol.java:802)
	at org.apache.tomcat.util.net.NioEndpoint$SocketProcessor.doRun(NioEndpoint.java:1410)
	at org.apache.tomcat.util.net.SocketProcessorBase.run(SocketProcessorBase.java:49)
	at java.util.concurrent.ThreadPoolExecutor.runWorker(ThreadPoolExecutor.java:1142)
	at java.util.concurrent.ThreadPoolExecutor$Worker.run(ThreadPoolExecutor.java:617)
	at org.apache.tomcat.util.threads.TaskThread$WrappingRunnable.run(TaskThread.java:61)
	at java.lang.Thread.run(Thread.java:745)
Caused by: org.hibernate.exception.ConstraintViolationException: could not execute statement
	at org.hibernate.exception.internal.SQLExceptionTypeDelegate.convert(SQLExceptionTypeDelegate.java:59)
	at org.hibernate.exception.internal.StandardSQLExceptionConverter.convert(StandardSQLExceptionConverter.java:42)
	at org.hibernate.engine.jdbc.spi.SqlExceptionHelper.convert(SqlExceptionHelper.java:109)
	at org.hibernate.engine.jdbc.spi.SqlExceptionHelper.convert(SqlExceptionHelper.java:95)
	at org.hibernate.engine.jdbc.internal.ResultSetReturnImpl.executeUpdate(ResultSetReturnImpl.java:207)
	at org.hibernate.engine.jdbc.batch.internal.NonBatchingBatch.addToBatch(NonBatchingBatch.java:45)
	at org.hibernate.persister.entity.AbstractEntityPersister.update(AbstractEntityPersister.java:3082)
	at org.hibernate.persister.entity.AbstractEntityPersister.updateOrInsert(AbstractEntityPersister.java:2961)
	at org.hibernate.persister.entity.AbstractEntityPersister.update(AbstractEntityPersister.java:3341)
	at org.hibernate.action.internal.EntityUpdateAction.execute(EntityUpdateAction.java:145)
	at org.hibernate.engine.spi.ActionQueue.executeActions(ActionQueue.java:582)
	at org.hibernate.engine.spi.ActionQueue.executeActions(ActionQueue.java:456)
	at org.hibernate.event.internal.AbstractFlushingEventListener.performExecutions(AbstractFlushingEventListener.java:337)
	at org.hibernate.event.internal.DefaultFlushEventListener.onFlush(DefaultFlushEventListener.java:39)
	at org.hibernate.internal.SessionImpl.flush(SessionImpl.java:1282)
	at org.hibernate.internal.SessionImpl.managedFlush(SessionImpl.java:465)
	at org.hibernate.internal.SessionImpl.flushBeforeTransactionCompletion(SessionImpl.java:2963)
	at org.hibernate.internal.SessionImpl.beforeTransactionCompletion(SessionImpl.java:2339)
	at org.hibernate.engine.jdbc.internal.JdbcCoordinatorImpl.beforeTransactionCompletion(JdbcCoordinatorImpl.java:485)
	at org.hibernate.resource.transaction.backend.jdbc.internal.JdbcResourceLocalTransactionCoordinatorImpl.beforeCompletionCallback(JdbcResourceLocalTransactionCoordinatorImpl.java:147)
	at org.hibernate.resource.transaction.backend.jdbc.internal.JdbcResourceLocalTransactionCoordinatorImpl.access$100(JdbcResourceLocalTransactionCoordinatorImpl.java:38)
	at org.hibernate.resource.transaction.backend.jdbc.internal.JdbcResourceLocalTransactionCoordinatorImpl$TransactionDriverControlImpl.commit(JdbcResourceLocalTransactionCoordinatorImpl.java:231)
	at org.hibernate.engine.transaction.internal.TransactionImpl.commit(TransactionImpl.java:65)
	at org.hibernate.jpa.internal.TransactionImpl.commit(TransactionImpl.java:61)
	at org.springframework.orm.jpa.JpaTransactionManager.doCommit(JpaTransactionManager.java:517)
	... 63 common frames omitted
Caused by: com.mysql.jdbc.exceptions.jdbc4.MySQLIntegrityConstraintViolationException: Column 'nickname' cannot be null
	at sun.reflect.NativeConstructorAccessorImpl.newInstance0(Native Method)
	at sun.reflect.NativeConstructorAccessorImpl.newInstance(NativeConstructorAccessorImpl.java:62)
	at sun.reflect.DelegatingConstructorAccessorImpl.newInstance(DelegatingConstructorAccessorImpl.java:45)
	at java.lang.reflect.Constructor.newInstance(Constructor.java:422)
	at com.mysql.jdbc.Util.handleNewInstance(Util.java:404)
	at com.mysql.jdbc.Util.getInstance(Util.java:387)
	at com.mysql.jdbc.SQLError.createSQLException(SQLError.java:934)
	at com.mysql.jdbc.MysqlIO.checkErrorPacket(MysqlIO.java:3966)
	at com.mysql.jdbc.MysqlIO.checkErrorPacket(MysqlIO.java:3902)
	at com.mysql.jdbc.MysqlIO.sendCommand(MysqlIO.java:2526)
	at com.mysql.jdbc.MysqlIO.sqlQueryDirect(MysqlIO.java:2673)
	at com.mysql.jdbc.ConnectionImpl.execSQL(ConnectionImpl.java:2549)
	at com.mysql.jdbc.PreparedStatement.executeInternal(PreparedStatement.java:1861)
	at com.mysql.jdbc.PreparedStatement.executeUpdateInternal(PreparedStatement.java:2073)
	at com.mysql.jdbc.PreparedStatement.executeUpdateInternal(PreparedStatement.java:2009)
	at com.mysql.jdbc.PreparedStatement.executeLargeUpdate(PreparedStatement.java:5098)
	at com.mysql.jdbc.PreparedStatement.executeUpdate(PreparedStatement.java:1994)
	at org.hibernate.engine.jdbc.internal.ResultSetReturnImpl.executeUpdate(ResultSetReturnImpl.java:204)
	... 83 common frames omitted
[2017-04-24 18:04:22][INFO ][restartedMain][org.springframework.boot.StartupInfoLogger.logStarting:48]:Starting BootStarp on USER-NGQ89M13OH with PID 7060 (D:\kaifagongju\myEclipse\space\enroll_sys\target\classes started by Administrator in D:\kaifagongju\myEclipse\space\enroll_sys)
[2017-04-24 18:04:22][INFO ][restartedMain][org.springframework.boot.SpringApplication.logStartupProfileInfo:661]:No active profile set, falling back to default profiles: default
[2017-04-24 18:05:56][INFO ][restartedMain][org.springframework.boot.StartupInfoLogger.logStarting:48]:Starting BootStarp on USER-NGQ89M13OH with PID 6224 (D:\kaifagongju\myEclipse\space\enroll_sys\target\classes started by Administrator in D:\kaifagongju\myEclipse\space\enroll_sys)
[2017-04-24 18:05:56][INFO ][restartedMain][org.springframework.boot.SpringApplication.logStartupProfileInfo:661]:No active profile set, falling back to default profiles: default
[2017-04-24 18:06:05][INFO ][restartedMain][org.springframework.boot.StartupInfoLogger.logStarted:57]:Started BootStarp in 9.239 seconds (JVM running for 9.931)
[2017-04-24 18:22:59][INFO ][main][org.springframework.boot.StartupInfoLogger.logStarting:48]:Starting UserTest on USER-NGQ89M13OH with PID 4092 (started by Administrator in D:\kaifagongju\myEclipse\space\enroll_sys)
[2017-04-24 18:22:59][INFO ][main][org.springframework.boot.SpringApplication.logStartupProfileInfo:661]:No active profile set, falling back to default profiles: default
[2017-04-24 18:23:07][INFO ][main][org.springframework.boot.StartupInfoLogger.logStarted:57]:Started UserTest in 8.924 seconds (JVM running for 10.074)
[2017-04-24 18:23:07][INFO ][main][com.glut.aop.WebLogAspect.doBefore:43]:WebLogAspect.doBefore()
[2017-04-24 18:23:07][INFO ][main][com.glut.aop.WebLogAspect.doBefore:47]:URL : http://localhost
[2017-04-24 18:23:07][INFO ][main][com.glut.aop.WebLogAspect.doBefore:49]:HTTP_METHOD : 
[2017-04-24 18:23:07][INFO ][main][com.glut.aop.WebLogAspect.doBefore:51]:IP : 127.0.0.1
[2017-04-24 18:23:07][INFO ][main][com.glut.aop.WebLogAspect.doBefore:53]:CLASS_METHOD : com.glut.user.controller.UserController.register
[2017-04-24 18:23:07][INFO ][main][com.glut.aop.WebLogAspect.doBefore:57]:ARGS : [com.glut.domain.User@2d88c1bf]
[2017-04-24 18:23:07][INFO ][main][com.glut.user.controller.UserController.register:37]:hahaha尝试注册
[2017-04-24 18:23:07][INFO ][main][com.glut.user.controller.UserController.register:39]:hahaha注册成功!
[2017-04-24 18:23:07][INFO ][main][com.glut.aop.WebLogAspect.doAfterReturning:70]:WebLogAspect.doAfterReturning()
[2017-04-24 18:23:07][INFO ][main][com.glut.aop.WebLogAspect.doAfterReturning:71]:耗时（毫秒） : 285
[2017-04-24 18:25:27][INFO ][main][org.springframework.boot.StartupInfoLogger.logStarting:48]:Starting UserTest on USER-NGQ89M13OH with PID 3564 (started by Administrator in D:\kaifagongju\myEclipse\space\enroll_sys)
[2017-04-24 18:25:27][INFO ][main][org.springframework.boot.SpringApplication.logStartupProfileInfo:661]:No active profile set, falling back to default profiles: default
[2017-04-24 18:25:36][INFO ][main][org.springframework.boot.StartupInfoLogger.logStarted:57]:Started UserTest in 8.837 seconds (JVM running for 9.809)