[2017-04-19 22:25:09][INFO ][http-nio-8080-exec-1][com.glut.pointcut.WebLogAspect.doBefore:41]:WebLogAspect.doBefore()
[2017-04-19 22:25:09][INFO ][http-nio-8080-exec-1][com.glut.pointcut.WebLogAspect.doBefore:46]:URL : http://127.0.0.1:8080/enroll/log/1
[2017-04-19 22:25:09][INFO ][http-nio-8080-exec-1][com.glut.pointcut.WebLogAspect.doBefore:47]:HTTP_METHOD : GET
[2017-04-19 22:25:09][INFO ][http-nio-8080-exec-1][com.glut.pointcut.WebLogAspect.doBefore:48]:IP : 127.0.0.1
[2017-04-19 22:25:09][INFO ][http-nio-8080-exec-1][com.glut.pointcut.WebLogAspect.doBefore:49]:CLASS_METHOD : com.glut.controller.LogController.testLog
[2017-04-19 22:25:09][INFO ][http-nio-8080-exec-1][com.glut.pointcut.WebLogAspect.doBefore:52]:ARGS : [1]
[2017-04-19 22:25:09][INFO ][http-nio-8080-exec-1][com.glut.controller.LogController.testLog:28]:尝试写入日志=1
[2017-04-19 22:25:09][WARN ][http-nio-8080-exec-1][com.glut.controller.LogController.testLog:29]:准备抛出异常
[2017-04-19 22:25:09][ERROR][http-nio-8080-exec-1][com.glut.controller.LogController.testLog:32]:异常出现！！：异常异常！
[2017-04-19 22:25:09][INFO ][http-nio-8080-exec-1][com.glut.pointcut.WebLogAspect.doAfterReturning:67]:WebLogAspect.doAfterReturning()
[2017-04-19 22:25:09][INFO ][http-nio-8080-exec-1][com.glut.pointcut.WebLogAspect.doAfterReturning:68]:耗时（毫秒） : 21
[2017-04-19 22:26:51][INFO ][restartedMain][org.springframework.boot.StartupInfoLogger.logStarting:48]:Starting BootStarp on USER-NGQ89M13OH with PID 7628 (D:\kaifagongju\myEclipse\space\enroll_sys\target\classes started by Administrator in D:\kaifagongju\myEclipse\space\enroll_sys)
[2017-04-19 22:26:51][INFO ][restartedMain][org.springframework.boot.SpringApplication.logStartupProfileInfo:661]:No active profile set, falling back to default profiles: default
[2017-04-19 22:26:54][INFO ][restartedMain][org.springframework.boot.StartupInfoLogger.logStarted:57]:Started BootStarp in 2.84 seconds (JVM running for 159.487)
[2017-04-19 22:26:58][INFO ][http-nio-8080-exec-1][com.glut.pointcut.WebLogAspect.doBefore:46]:URL : http://127.0.0.1:8080/enroll/log/ex
[2017-04-19 22:26:58][INFO ][http-nio-8080-exec-1][com.glut.pointcut.WebLogAspect.doBefore:47]:HTTP_METHOD : GET
[2017-04-19 22:26:58][INFO ][http-nio-8080-exec-1][com.glut.pointcut.WebLogAspect.doBefore:48]:IP : 127.0.0.1
[2017-04-19 22:26:58][INFO ][http-nio-8080-exec-1][com.glut.pointcut.WebLogAspect.doBefore:49]:CLASS_METHOD : com.glut.controller.LogController.testLog2
[2017-04-19 22:26:58][INFO ][http-nio-8080-exec-1][com.glut.pointcut.WebLogAspect.doBefore:52]:ARGS : []
[2017-04-19 22:26:58][ERROR][http-nio-8080-exec-1][com.glut.exceptions.GlobalDefaultExceptionHandler.defaultExceptionHandler:29]:异常信息：
java.lang.RuntimeException: cuowu
	at com.glut.controller.LogController.testLog2(LogController.java:39)
	at com.glut.controller.LogController$$FastClassBySpringCGLIB$$6aea9fcb.invoke(<generated>)
	at org.springframework.cglib.proxy.MethodProxy.invoke(MethodProxy.java:204)
	at org.springframework.aop.framework.CglibAopProxy$CglibMethodInvocation.invokeJoinpoint(CglibAopProxy.java:720)
	at org.springframework.aop.framework.ReflectiveMethodInvocation.proceed(ReflectiveMethodInvocation.java:157)
	at org.springframework.aop.framework.adapter.MethodBeforeAdviceInterceptor.invoke(MethodBeforeAdviceInterceptor.java:52)
	at org.springframework.aop.framework.ReflectiveMethodInvocation.proceed(ReflectiveMethodInvocation.java:179)
	at org.springframework.aop.framework.adapter.AfterReturningAdviceInterceptor.invoke(AfterReturningAdviceInterceptor.java:52)
	at org.springframework.aop.framework.ReflectiveMethodInvocation.proceed(ReflectiveMethodInvocation.java:179)
	at org.springframework.aop.interceptor.ExposeInvocationInterceptor.invoke(ExposeInvocationInterceptor.java:92)
	at org.springframework.aop.framework.ReflectiveMethodInvocation.proceed(ReflectiveMethodInvocation.java:179)
	at org.springframework.aop.framework.CglibAopProxy$DynamicAdvisedInterceptor.intercept(CglibAopProxy.java:655)
	at com.glut.controller.LogController$$EnhancerBySpringCGLIB$$ad83ebd4.testLog2(<generated>)
	at sun.reflect.NativeMethodAccessorImpl.invoke0(Native Method)
	at sun.reflect.NativeMethodAccessorImpl.invoke(NativeMethodAccessorImpl.java:62)
	at sun.reflect.DelegatingMethodAccessorImpl.invoke(DelegatingMethodAccessorImpl.java:43)
	at java.lang.reflect.Method.invoke(Method.java:497)
	at org.springframework.web.method.support.InvocableHandlerMethod.doInvoke(InvocableHandlerMethod.java:221)
	at org.springframework.web.method.support.InvocableHandlerMethod.invokeForRequest(InvocableHandlerMethod.java:136)
	at org.springframework.web.servlet.mvc.method.annotation.ServletInvocableHandlerMethod.invokeAndHandle(ServletInvocableHandlerMethod.java:114)
	at org.springframework.web.servlet.mvc.method.annotation.RequestMappingHandlerAdapter.invokeHandlerMethod(RequestMappingHandlerAdapter.java:827)
	at org.springframework.web.servlet.mvc.method.annotation.RequestMappingHandlerAdapter.handleInternal(RequestMappingHandlerAdapter.java:738)
	at org.springframework.web.servlet.mvc.method.AbstractHandlerMethodAdapter.handle(AbstractHandlerMethodAdapter.java:85)
	at org.springframework.web.servlet.DispatcherServlet.doDispatch(DispatcherServlet.java:963)
	at org.springframework.web.servlet.DispatcherServlet.doService(DispatcherServlet.java:897)
	at org.springframework.web.servlet.FrameworkServlet.processRequest(FrameworkServlet.java:970)
	at org.springframework.web.servlet.FrameworkServlet.doGet(FrameworkServlet.java:861)
	at javax.servlet.http.HttpServlet.service(HttpServlet.java:622)
	at org.springframework.web.servlet.FrameworkServlet.service(FrameworkServlet.java:846)
	at javax.servlet.http.HttpServlet.service(HttpServlet.java:729)
	at org.apache.catalina.core.ApplicationFilterChain.internalDoFilter(ApplicationFilterChain.java:230)
	at org.apache.catalina.core.ApplicationFilterChain.doFilter(ApplicationFilterChain.java:165)
	at org.apache.tomcat.websocket.server.WsFilter.doFilter(WsFilter.java:52)
	at org.apache.catalina.core.ApplicationFilterChain.internalDoFilter(ApplicationFilterChain.java:192)
	at org.apache.catalina.core.ApplicationFilterChain.doFilter(ApplicationFilterChain.java:165)
	at org.springframework.web.filter.CharacterEncodingFilter.doFilterInternal(CharacterEncodingFilter.java:197)
	at org.springframework.web.filter.OncePerRequestFilter.doFilter(OncePerRequestFilter.java:107)
	at org.apache.catalina.core.ApplicationFilterChain.internalDoFilter(ApplicationFilterChain.java:192)
	at org.apache.catalina.core.ApplicationFilterChain.doFilter(ApplicationFilterChain.java:165)
	at org.apache.catalina.core.StandardWrapperValve.invoke(StandardWrapperValve.java:198)
	at org.apache.catalina.core.StandardContextValve.invoke(StandardContextValve.java:108)
	at org.apache.catalina.authenticator.AuthenticatorBase.invoke(AuthenticatorBase.java:472)
	at org.apache.catalina.core.StandardHostValve.invoke(StandardHostValve.java:140)
	at org.apache.catalina.valves.ErrorReportValve.invoke(ErrorReportValve.java:79)
	at org.apache.catalina.core.StandardEngineValve.invoke(StandardEngineValve.java:87)
	at org.apache.catalina.connector.CoyoteAdapter.service(CoyoteAdapter.java:349)
	at org.apache.coyote.http11.Http11Processor.service(Http11Processor.java:784)
	at org.apache.coyote.AbstractProcessorLight.process(AbstractProcessorLight.java:66)
	at org.apache.coyote.AbstractProtocol$ConnectionHandler.process(AbstractProtocol.java:802)
	at org.apache.tomcat.util.net.NioEndpoint$SocketProcessor.doRun(NioEndpoint.java:1410)
	at org.apache.tomcat.util.net.SocketProcessorBase.run(SocketProcessorBase.java:49)
	at java.util.concurrent.ThreadPoolExecutor.runWorker(ThreadPoolExecutor.java:1142)
	at java.util.concurrent.ThreadPoolExecutor$Worker.run(ThreadPoolExecutor.java:617)
	at org.apache.tomcat.util.threads.TaskThread$WrappingRunnable.run(TaskThread.java:61)
	at java.lang.Thread.run(Thread.java:745)
[2017-04-19 22:31:52][INFO ][restartedMain][org.springframework.boot.StartupInfoLogger.logStarting:48]:Starting BootStarp on USER-NGQ89M13OH with PID 7628 (D:\kaifagongju\myEclipse\space\enroll_sys\target\classes started by Administrator in D:\kaifagongju\myEclipse\space\enroll_sys)
[2017-04-19 22:31:52][INFO ][restartedMain][org.springframework.boot.SpringApplication.logStartupProfileInfo:661]:No active profile set, falling back to default profiles: default
